[0mCompiling "resources/public/js/compiled/grid.js" from ["src/cljs" "src/cljc"]...[0m
[36m----  Compiler Warning on   src/cljs/grid/core.cljs   line:27  column:13  ----[0m

  [1mUse of undeclared Var grid.core/state[0m

  [36m24[0m  [36m(when-let [app-context (. js/document (getElementById "app"))][0m
  [36m25[0m  [36m  (let [][0m
  [36m26[0m  [36m  (reagent/render-component[0m
  [33m27[0m  [1m    [render state])))[0m
  [0m  [0m  [33m            ^--- Use of undeclared Var grid.core/state[0m
  [36m28[0m  [36m[0m
  [36m29[0m  [36m(defn on-js-reload [][0m
  [36m30[0m  [36m  ;; optionally touch your app-state to force rerendering depending on[0m
  [36m31[0m  [36m  ;; your application[0m
  [36m32[0m  [36m  ;; (swap! app-state update-in [:__figwheel_counter] inc)[0m

[36m----  Compiler Warning : Please see src/cljs/grid/core.cljs  ----[0m
[32mSuccessfully compiled "resources/public/js/compiled/grid.js" in 0.611 seconds.[0m
notifying browser that file changed:  resources/public/js/compiled/out/goog/deps.js
notifying browser that file changed:  resources/public/js/compiled/out/cljs_deps.js
notifying browser that file changed:  out/grid/core.js
[0mCompiling "resources/public/js/compiled/grid.js" from ["src/cljs" "src/cljc"]...[0m
[32mSuccessfully compiled "resources/public/js/compiled/grid.js" in 0.161 seconds.[0m
notifying browser that file changed:  out/grid/core.js
[0mCompiling "resources/public/js/compiled/grid.js" from ["src/cljs" "src/cljc"]...[0m
[32mSuccessfully compiled "resources/public/js/compiled/grid.js" in 0.661 seconds.[0m
notifying browser that file changed:  out/grid/core.js
[0mCompiling "resources/public/js/compiled/grid.js" from ["src/cljs" "src/cljc"]...[0m
[32mSuccessfully compiled "resources/public/js/compiled/grid.js" in 0.151 seconds.[0m
notifying browser that file changed:  out/grid/core.js
[0mCompiling "resources/public/js/compiled/grid.js" from ["src/cljs" "src/cljc"]...[0m
[32mSuccessfully compiled "resources/public/js/compiled/grid.js" in 0.152 seconds.[0m
notifying browser that file changed:  out/grid/core.js
[0mCompiling "resources/public/js/compiled/grid.js" from ["src/cljs" "src/cljc"]...[0m
[32mSuccessfully compiled "resources/public/js/compiled/grid.js" in 0.15 seconds.[0m
notifying browser that file changed:  out/grid/core.js
[0mCompiling "resources/public/js/compiled/grid.js" from ["src/cljs" "src/cljc"]...[0m
[32mSuccessfully compiled "resources/public/js/compiled/grid.js" in 0.153 seconds.[0m
notifying browser that file changed:  out/grid/core.js
[0mCompiling "resources/public/js/compiled/grid.js" from ["src/cljs" "src/cljc"]...[0m
[32mSuccessfully compiled "resources/public/js/compiled/grid.js" in 0.633 seconds.[0m
notifying browser that file changed:  out/grid/renderer.js
[0mCompiling "resources/public/js/compiled/grid.js" from ["src/cljs" "src/cljc"]...[0m
[32mSuccessfully compiled "resources/public/js/compiled/grid.js" in 0.232 seconds.[0m
notifying browser that file changed:  out/grid/renderer.js
[0mCompiling "resources/public/js/compiled/grid.js" from ["src/cljs" "src/cljc"]...[0m
[32mSuccessfully compiled "resources/public/js/compiled/grid.js" in 0.242 seconds.[0m
notifying browser that file changed:  out/grid/renderer.js
[0mCompiling "resources/public/js/compiled/grid.js" from ["src/cljs" "src/cljc"]...[0m
[32mSuccessfully compiled "resources/public/js/compiled/grid.js" in 0.555 seconds.[0m
notifying browser that file changed:  out/grid/core.js
[0mCompiling "resources/public/js/compiled/grid.js" from ["src/cljs" "src/cljc"]...[0m
[32mSuccessfully compiled "resources/public/js/compiled/grid.js" in 0.146 seconds.[0m
notifying browser that file changed:  out/grid/core.js
[0mCompiling "resources/public/js/compiled/grid.js" from ["src/cljs" "src/cljc"]...[0m
[36m----  Compiler Warning on   src/cljs/grid/core.cljs   line:14  column:3  ----[0m

  [1mWrong number of args (2) passed to quil.core/with-translation[0m

  [36m10[0m  [36m  (q/background 255)[0m
  [36m11[0m  [36m[0m
  [36m12[0m  [36m  ; move origin point to centre of the sketch[0m
  [36m13[0m  [36m  ; by default origin is in the left top corner[0m
  [33m14[0m  [1m  (q/with-translation [(/ (q/width) 2) (/ (q/height) 2)][0m
  [0m  [0m  [33m  ^--- Wrong number of args (2) passed to quil.core/with-translation[0m
  [36m15[0m  [36m   ; parameter t goes 0, 0.01, 0.02, ..., 99.99, 100[0m
  [36m16[0m  [36m   (doseq [t (range 0 100 0.01)][0m
  [36m17[0m  [36m     ; draw a point with x = t * sin(t) and y = t * cos(t)[0m
  [36m18[0m  [36m     (q/point (* t (q/sin t))[0m
  [36m19[0m  [36m              (* t (q/cos t))))))[0m

[36m----  Compiler Warning : Please see src/cljs/grid/core.cljs  ----[0m
[36m----  Compiler Warning on   src/cljs/grid/core.cljs   line:22  column:14  ----[0m

  [1mUse of undeclared Var grid.core/trigonometry[0m

  [36m18[0m  [36m     (q/point (* t (q/sin t))[0m
  [36m19[0m  [36m              (* t (q/cos t))))))[0m
  [36m20[0m  [36m[0m
  [36m21[0m  [36m; run sketch[0m
  [33m22[0m  [1m(q/defsketch trigonometry[0m
  [0m  [0m  [33m             ^--- Use of undeclared Var grid.core/trigonometry[0m
  [36m23[0m  [36m  :size [300 300][0m
  [36m24[0m  [36m  :draw draw)[0m
  [36m25[0m  [36m[0m
  [36m26[0m  [36m#_(defn render [state][0m
  [36m27[0m  [36m  (let [{:keys [foo]} @state][0m

[36m----  Compiler Warning : Please see src/cljs/grid/core.cljs  ----[0m
[32mSuccessfully compiled "resources/public/js/compiled/grid.js" in 0.596 seconds.[0m
notifying browser that file changed:  resources/public/js/compiled/out/cljs_deps.js
notifying browser that file changed:  out/grid/core.js
[0mCompiling "resources/public/js/compiled/grid.js" from ["src/cljs" "src/cljc"]...[0m
[31mFailed to compile "resources/public/js/compiled/grid.js" in 0.009 seconds.[0m
[36m----  Could not Analyze  src/cljs/grid/core.cljs   line:1  column:1  ----[0m

  [1mLibrary name must be specified as a symbol in :require / :require-macros; offending spec: () at line 1 src/cljs/grid/core.cljs[0m

  [33m1[0m  [1m(ns grid.core[0m
  [0m [0m  [33m^--- Library name must be specified as a symbol in :require / :require-macros; offending spec: () at line 1 src/cljs/grid/core.cljs[0m
  [36m2[0m  [36m  (:require-macros [cljs.core.async.macros :refer [go go-loop]])[0m
  [36m3[0m  [36m  (:require [reagent.core :as reagent :refer [atom]][0m
  [36m4[0m  [36m            [quil.core :as q] [:include-macros true]))[0m

[36m----  Analysis Error : Please see src/cljs/grid/core.cljs  ----[0m
[0mCompiling "resources/public/js/compiled/grid.js" from ["src/cljs" "src/cljc"]...[0m
[32mSuccessfully compiled "resources/public/js/compiled/grid.js" in 0.17 seconds.[0m
notifying browser that file changed:  out/grid/core.js
[0mCompiling "resources/public/js/compiled/grid.js" from ["src/cljs" "src/cljc"]...[0m
[32mSuccessfully compiled "resources/public/js/compiled/grid.js" in 0.16 seconds.[0m
notifying browser that file changed:  out/grid/core.js
[0mCompiling "resources/public/js/compiled/grid.js" from ["src/cljs" "src/cljc"]...[0m
[32mSuccessfully compiled "resources/public/js/compiled/grid.js" in 0.598 seconds.[0m
notifying browser that file changed:  out/grid/core.js
[0mCompiling "resources/public/js/compiled/grid.js" from ["src/cljs" "src/cljc"]...[0m
[32mSuccessfully compiled "resources/public/js/compiled/grid.js" in 0.18 seconds.[0m
notifying browser that file changed:  out/grid/core.js
[0mCompiling "resources/public/js/compiled/grid.js" from ["src/cljs" "src/cljc"]...[0m
[32mSuccessfully compiled "resources/public/js/compiled/grid.js" in 0.56 seconds.[0m
notifying browser that file changed:  out/grid/core.js
[0mCompiling "resources/public/js/compiled/grid.js" from ["src/cljs" "src/cljc"]...[0m
[32mSuccessfully compiled "resources/public/js/compiled/grid.js" in 0.164 seconds.[0m
notifying browser that file changed:  out/grid/core.js
[0mCompiling "resources/public/js/compiled/grid.js" from ["src/cljs" "src/cljc"]...[0m
[32mSuccessfully compiled "resources/public/js/compiled/grid.js" in 0.685 seconds.[0m
notifying browser that file changed:  out/grid/core.js
[0mCompiling "resources/public/js/compiled/grid.js" from ["src/cljs" "src/cljc"]...[0m
[32mSuccessfully compiled "resources/public/js/compiled/grid.js" in 0.164 seconds.[0m
notifying browser that file changed:  out/grid/core.js
[0mCompiling "resources/public/js/compiled/grid.js" from ["src/cljs" "src/cljc"]...[0m
[32mSuccessfully compiled "resources/public/js/compiled/grid.js" in 0.166 seconds.[0m
notifying browser that file changed:  out/grid/core.js
[0mCompiling "resources/public/js/compiled/grid.js" from ["src/cljs" "src/cljc"]...[0m
[32mSuccessfully compiled "resources/public/js/compiled/grid.js" in 0.186 seconds.[0m
notifying browser that file changed:  out/grid/core.js
[0mCompiling "resources/public/js/compiled/grid.js" from ["src/cljs" "src/cljc"]...[0m
[32mSuccessfully compiled "resources/public/js/compiled/grid.js" in 0.587 seconds.[0m
notifying browser that file changed:  resources/public/js/compiled/out/cljs_deps.js
notifying browser that file changed:  out/grid/core.js
[0mCompiling "resources/public/js/compiled/grid.js" from ["src/cljs" "src/cljc"]...[0m
[32mSuccessfully compiled "resources/public/js/compiled/grid.js" in 0.187 seconds.[0m
notifying browser that file changed:  out/grid/core.js
[0mCompiling "resources/public/js/compiled/grid.js" from ["src/cljs" "src/cljc"]...[0m
[32mSuccessfully compiled "resources/public/js/compiled/grid.js" in 0.188 seconds.[0m
notifying browser that file changed:  out/grid/core.js
[0mCompiling "resources/public/js/compiled/grid.js" from ["src/cljs" "src/cljc"]...[0m
[32mSuccessfully compiled "resources/public/js/compiled/grid.js" in 0.175 seconds.[0m
notifying browser that file changed:  out/grid/core.js
[0mCompiling "resources/public/js/compiled/grid.js" from ["src/cljs" "src/cljc"]...[0m
[32mSuccessfully compiled "resources/public/js/compiled/grid.js" in 0.146 seconds.[0m
notifying browser that file changed:  out/grid/core.js
[0mCompiling "resources/public/js/compiled/grid.js" from ["src/cljs" "src/cljc"]...[0m
[32mSuccessfully compiled "resources/public/js/compiled/grid.js" in 0.285 seconds.[0m
notifying browser that file changed:  out/grid/renderer.js
[0mCompiling "resources/public/js/compiled/grid.js" from ["src/cljs" "src/cljc"]...[0m
[32mSuccessfully compiled "resources/public/js/compiled/grid.js" in 0.283 seconds.[0m
notifying browser that file changed:  out/grid/renderer.js
[0mCompiling "resources/public/js/compiled/grid.js" from ["src/cljs" "src/cljc"]...[0m
[32mSuccessfully compiled "resources/public/js/compiled/grid.js" in 0.784 seconds.[0m
notifying browser that file changed:  out/grid/hex.js
[0mCompiling "resources/public/js/compiled/grid.js" from ["src/cljs" "src/cljc"]...[0m
[32mSuccessfully compiled "resources/public/js/compiled/grid.js" in 0.769 seconds.[0m
notifying browser that file changed:  out/grid/hex.js
